<?xml version="1.0" encoding="UTF-8"?>
<!-- Generated by org.testng.reporters.JUnitReportReporter -->
<testsuite skipped="0" hostname="lynx" name="com.herokuapp.theinternet.ExceptionsTests" tests="1" failures="0" timestamp="31 Aug 2021 16:11:12 GMT" time="9.372" errors="0">
  <testcase name="timeoutTest" time="9.372" classname="com.herokuapp.theinternet.ExceptionsTests"/>
</testsuite> <!-- com.herokuapp.theinternet.ExceptionsTests -->
